[2024-06-13T20:05:05.909+0000] {logging_mixin.py:149} INFO - Changing /usr/local/airflow/logs/dag_id=airline_pipeline/run_id=scheduled__2024-06-13T20:02:03.878101+00:00/task_id=airline_pipeline permission to 509
[2024-06-13T20:05:05.910+0000] {logging_mixin.py:149} INFO - Failed to change /usr/local/airflow/logs/dag_id=airline_pipeline/run_id=scheduled__2024-06-13T20:02:03.878101+00:00/task_id=airline_pipeline permission to 509: [Errno 1] Operation not permitted: '/usr/local/airflow/logs/dag_id=airline_pipeline/run_id=scheduled__2024-06-13T20:02:03.878101+00:00/task_id=airline_pipeline'
[2024-06-13T20:05:05.947+0000] {logging_mixin.py:149} INFO - Changing /usr/local/airflow/logs/dag_id=airline_pipeline/run_id=scheduled__2024-06-13T20:02:03.878101+00:00/task_id=airline_pipeline permission to 509
[2024-06-13T20:05:05.948+0000] {logging_mixin.py:149} INFO - Failed to change /usr/local/airflow/logs/dag_id=airline_pipeline/run_id=scheduled__2024-06-13T20:02:03.878101+00:00/task_id=airline_pipeline permission to 509: [Errno 1] Operation not permitted: '/usr/local/airflow/logs/dag_id=airline_pipeline/run_id=scheduled__2024-06-13T20:02:03.878101+00:00/task_id=airline_pipeline'
[2024-06-13T20:05:06.106+0000] {taskinstance.py:1125} INFO - Dependencies all met for dep_context=non-requeueable deps ti=<TaskInstance: airline_pipeline.airline_pipeline scheduled__2024-06-13T20:02:03.878101+00:00 [queued]>
[2024-06-13T20:05:06.117+0000] {taskinstance.py:1125} INFO - Dependencies all met for dep_context=requeueable deps ti=<TaskInstance: airline_pipeline.airline_pipeline scheduled__2024-06-13T20:02:03.878101+00:00 [queued]>
[2024-06-13T20:05:06.118+0000] {taskinstance.py:1331} INFO - Starting attempt 1 of 1
[2024-06-13T20:05:06.139+0000] {taskinstance.py:1350} INFO - Executing <Task(PythonOperator): airline_pipeline> on 2024-06-13 20:02:03.878101+00:00
[2024-06-13T20:05:06.145+0000] {standard_task_runner.py:57} INFO - Started process 449 to run task
[2024-06-13T20:05:06.149+0000] {standard_task_runner.py:84} INFO - Running: ['airflow', 'tasks', 'run', 'airline_pipeline', 'airline_pipeline', 'scheduled__2024-06-13T20:02:03.878101+00:00', '--job-id', '76', '--raw', '--subdir', 'DAGS_FOLDER/fligoo_airline.py', '--cfg-path', '/tmp/tmprg98c0k3']
[2024-06-13T20:05:06.152+0000] {standard_task_runner.py:85} INFO - Job 76: Subtask airline_pipeline
[2024-06-13T20:05:06.224+0000] {logging_mixin.py:149} INFO - Changing /usr/local/airflow/logs/dag_id=airline_pipeline/run_id=scheduled__2024-06-13T20:02:03.878101+00:00/task_id=airline_pipeline permission to 509
[2024-06-13T20:05:06.224+0000] {logging_mixin.py:149} INFO - Failed to change /usr/local/airflow/logs/dag_id=airline_pipeline/run_id=scheduled__2024-06-13T20:02:03.878101+00:00/task_id=airline_pipeline permission to 509: [Errno 1] Operation not permitted: '/usr/local/airflow/logs/dag_id=airline_pipeline/run_id=scheduled__2024-06-13T20:02:03.878101+00:00/task_id=airline_pipeline'
[2024-06-13T20:05:06.226+0000] {task_command.py:410} INFO - Running <TaskInstance: airline_pipeline.airline_pipeline scheduled__2024-06-13T20:02:03.878101+00:00 [running]> on host 6eca4ceb3669
[2024-06-13T20:05:06.345+0000] {taskinstance.py:1570} INFO - Exporting env vars: AIRFLOW_CTX_DAG_EMAIL='solorzano.vco@gmail.com' AIRFLOW_CTX_DAG_OWNER='airflow' AIRFLOW_CTX_DAG_ID='airline_pipeline' AIRFLOW_CTX_TASK_ID='airline_pipeline' AIRFLOW_CTX_EXECUTION_DATE='2024-06-13T20:02:03.878101+00:00' AIRFLOW_CTX_TRY_NUMBER='1' AIRFLOW_CTX_DAG_RUN_ID='scheduled__2024-06-13T20:02:03.878101+00:00'
[2024-06-13T20:05:08.239+0000] {logging_mixin.py:149} INFO - Respuesta obtenida con éxito
[2024-06-13T20:05:08.283+0000] {logging_mixin.py:149} INFO - Error conectando a la base de datos: connection to server at "localhost" (::1), port 5432 failed: Connection refused
	Is the server running on that host and accepting TCP/IP connections?
connection to server at "localhost" (127.0.0.1), port 5432 failed: Connection refused
	Is the server running on that host and accepting TCP/IP connections?
[2024-06-13T20:05:08.284+0000] {python.py:183} INFO - Done. Returned value was: None
[2024-06-13T20:05:08.304+0000] {taskinstance.py:1373} INFO - Marking task as SUCCESS. dag_id=airline_pipeline, task_id=airline_pipeline, execution_date=20240613T200203, start_date=20240613T200506, end_date=20240613T200508
[2024-06-13T20:05:08.377+0000] {local_task_job_runner.py:232} INFO - Task exited with return code 0
[2024-06-13T20:05:08.399+0000] {taskinstance.py:2674} INFO - 0 downstream tasks scheduled from follow-on schedule check
